1725275417490	geckodriver	INFO	Listening on 127.0.0.1:65162
1725275420545	mozrunner::runner	INFO	Running command: "C:\\Users\\netzwelt\\AppData\\Local\\Mozilla Firefox\\firefox.exe" "--marionette" "--remote-debugging-port" ... "--remote-allow-hosts" "localhost" "-no-remote" "-profile" "C:\\Users\\netzwelt\\AppData\\Local\\Temp\\rust_mozprofileDy5jbX"
console.warn: services.settings: Ignoring preference override of remote settings server
console.warn: services.settings: Allow by setting MOZ_REMOTE_SETTINGS_DEVTOOLS=1 in the environment
Dynamically enable window occlusion 0
1725275420995	Marionette	INFO	Marionette enabled
1725275421669	Marionette	INFO	Listening on port 65231
WebDriver BiDi listening on ws://127.0.0.1:65163
Read port: 65231
1725275421919	RemoteAgent	WARN	TLS certificate errors will be ignored for this session
DevTools listening on ws://127.0.0.1:65163/devtools/browser/2fe8fc90-8077-4587-ba4b-0d1b654f7810
1725275451445	addons.xpi	ERROR	System addon update list error SyntaxError: XMLHttpRequest.open: 'http://%(server)s/dummy-system-addons.xml' is not a valid URL.
JavaScript warning: https://ff.kis.v2.scr.kaspersky-labs.com/FD126C42-EBFA-4E12-B309-BB3FDD723AC1/main.js?attr=2VZ6V_3Algr7-zbxVLBLo322bEIcl02ns1AAzsox_OQXFNR8vsbYEi9Jox0qx6aRX7I7N41H1I_Jm1sdCIAO0Wp8BDVkkl7tLKzQVmkTyTFNnDWOyZvPGO_2ojP_XxMe, line 297: Script terminated by timeout at:
EventListenerCallback@https://ff.kis.v2.scr.kaspersky-labs.com/FD126C42-EBFA-4E12-B309-BB3FDD723AC1/main.js?attr=2VZ6V_3Algr7-zbxVLBLo322bEIcl02ns1AAzsox_OQXFNR8vsbYEi9Jox0qx6aRX7I7N41H1I_Jm1sdCIAO0Wp8BDVkkl7tLKzQVmkTyTFNnDWOyZvPGO_2ojP_XxMe:297:1

JavaScript error: resource://gre/modules/AsyncShutdown.sys.mjs, line 569: NotFoundError: No such JSProcessActor 'DevToolsProcess'
JavaScript error: resource://gre/modules/AsyncShutdown.sys.mjs, line 569: NotFoundError: No such JSProcessActor 'DevToolsProcess'
JavaScript error: resource://gre/modules/AsyncShutdown.sys.mjs, line 569: NotFoundError: No such JSProcessActor 'DevToolsProcess'
1725275514168	Marionette	INFO	Stopped listening on port 65231
Dynamically enable window occlusion 1
console.error: "Error in worker resource://devtools/client/shared/source-map-loader/worker.js" ": "
